<?xml version="1.0" encoding="UTF-8"?>
<!-- Generated by org.testng.reporters.JUnitReportReporter -->
<testsuite skipped="0" hostname="vj" name="qaclickacademy.Mavanjava.RestAPITest" tests="2" failures="0" timestamp="2020-06-22T17:45:07 GST" time="0.031" errors="0">
  <testcase name="postsJira" time="0.007" classname="qaclickacademy.Mavanjava.RestAPITest"/>
  <system-out/>
  <testcase name="deleteTweet" time="0.024" classname="qaclickacademy.Mavanjava.RestAPITest"/>
  <system-out/>
</testsuite> <!-- qaclickacademy.Mavanjava.RestAPITest -->
