<?xml version="1.0" encoding="UTF-8"?>
<!-- Generated by org.testng.reporters.JUnitReportReporter -->
<testsuite skipped="0" hostname="vj" name="qaclickacademy.Mavanjava.AppiumTest" tests="2" failures="0" timestamp="2020-06-22T17:45:07 GST" time="0.013" errors="0">
  <testcase name="iOSApp" time="0.002" classname="qaclickacademy.Mavanjava.AppiumTest"/>
  <system-out/>
  <testcase name="nativeAppAndroid" time="0.011" classname="qaclickacademy.Mavanjava.AppiumTest"/>
  <system-out/>
</testsuite> <!-- qaclickacademy.Mavanjava.AppiumTest -->
