<?xml version="1.0" encoding="UTF-8"?>
<!-- Generated by org.testng.reporters.JUnitReportReporter -->
<testsuite skipped="0" hostname="vj" name="qaclickacademy.Mavanjava.SeleniumTest" tests="2" failures="0" timestamp="2020-06-22T17:45:07 GST" time="0.005" errors="0">
  <testcase name="browserAutomation" time="0.002" classname="qaclickacademy.Mavanjava.SeleniumTest"/>
  <system-out/>
  <testcase name="elementsUI" time="0.003" classname="qaclickacademy.Mavanjava.SeleniumTest"/>
  <system-out/>
</testsuite> <!-- qaclickacademy.Mavanjava.SeleniumTest -->
