<?xml version="1.0" encoding="UTF-8"?>
<!-- Generated by org.testng.reporters.JUnitReportReporter -->
<testsuite skipped="0" hostname="vj" name="qaclickacademy.Mavanjava.DemoTest" tests="1" failures="0" timestamp="2020-07-12T04:13:28 GST" time="0.000" errors="0">
  <testcase name="demo" time="0.000" classname="qaclickacademy.Mavanjava.DemoTest"/>
  <system-out/>
</testsuite> <!-- qaclickacademy.Mavanjava.DemoTest -->
