<?xml version="1.0" encoding="UTF-8"?>
<!-- Generated by org.testng.reporters.JUnitReportReporter -->
<testsuite skipped="0" hostname="vj" name="qaclickacademy.Mavanjava.RestAPITest" tests="2" failures="0" timestamp="2020-07-12T04:13:28 GST" time="0.010" errors="0">
  <testcase name="deleteTweet" time="0.010" classname="qaclickacademy.Mavanjava.RestAPITest"/>
  <system-out/>
  <testcase name="postsJira" time="0.000" classname="qaclickacademy.Mavanjava.RestAPITest"/>
  <system-out/>
</testsuite> <!-- qaclickacademy.Mavanjava.RestAPITest -->
