<?xml version="1.0" encoding="UTF-8"?>
<!-- Generated by org.testng.reporters.JUnitReportReporter -->
<testsuite skipped="0" hostname="vj" name="qaclickacademy.Mavanjava.AppiumTest" tests="2" failures="0" timestamp="2020-07-12T04:13:28 GST" time="0.001" errors="0">
  <testcase name="iOSApp" time="0.001" classname="qaclickacademy.Mavanjava.AppiumTest"/>
  <system-out/>
  <testcase name="nativeAppAndroid" time="0.000" classname="qaclickacademy.Mavanjava.AppiumTest"/>
  <system-out/>
</testsuite> <!-- qaclickacademy.Mavanjava.AppiumTest -->
